Determining if the pthread_create exist failed with the following output:
Change Dir: /home/yt/ros_ws/catkin_ws_debug/src/path_planner/cmake-build-debug/CMakeFiles/CMakeTmp

Run Build Command:"/usr/bin/make" "cmTC_3f24b/fast"
/usr/bin/make -f CMakeFiles/cmTC_3f24b.dir/build.make CMakeFiles/cmTC_3f24b.dir/build
make[1]: Entering directory '/home/yt/ros_ws/catkin_ws_debug/src/path_planner/cmake-build-debug/CMakeFiles/CMakeTmp'
Building C object CMakeFiles/cmTC_3f24b.dir/CheckSymbolExists.c.o
/usr/bin/cc    -o CMakeFiles/cmTC_3f24b.dir/CheckSymbolExists.c.o   -c /home/yt/ros_ws/catkin_ws_debug/src/path_planner/cmake-build-debug/CMakeFiles/CMakeTmp/CheckSymbolExists.c
Linking C executable cmTC_3f24b
/usr/local/clion/bin/cmake/bin/cmake -E cmake_link_script CMakeFiles/cmTC_3f24b.dir/link.txt --verbose=1
/usr/bin/cc      -rdynamic CMakeFiles/cmTC_3f24b.dir/CheckSymbolExists.c.o  -o cmTC_3f24b 
CMakeFiles/cmTC_3f24b.dir/CheckSymbolExists.c.o: In function `main':
CheckSymbolExists.c:(.text+0x16): undefined reference to `pthread_create'
collect2: error: ld returned 1 exit status
CMakeFiles/cmTC_3f24b.dir/build.make:97: recipe for target 'cmTC_3f24b' failed
make[1]: *** [cmTC_3f24b] Error 1
make[1]: Leaving directory '/home/yt/ros_ws/catkin_ws_debug/src/path_planner/cmake-build-debug/CMakeFiles/CMakeTmp'
Makefile:126: recipe for target 'cmTC_3f24b/fast' failed
make: *** [cmTC_3f24b/fast] Error 2

File /home/yt/ros_ws/catkin_ws_debug/src/path_planner/cmake-build-debug/CMakeFiles/CMakeTmp/CheckSymbolExists.c:
/* */
#include <pthread.h>

int main(int argc, char** argv)
{
  (void)argv;
#ifndef pthread_create
  return ((int*)(&pthread_create))[argc];
#else
  (void)argc;
  return 0;
#endif
}

Determining if the function pthread_create exists in the pthreads failed with the following output:
Change Dir: /home/yt/ros_ws/catkin_ws_debug/src/path_planner/cmake-build-debug/CMakeFiles/CMakeTmp

Run Build Command:"/usr/bin/make" "cmTC_58077/fast"
/usr/bin/make -f CMakeFiles/cmTC_58077.dir/build.make CMakeFiles/cmTC_58077.dir/build
make[1]: Entering directory '/home/yt/ros_ws/catkin_ws_debug/src/path_planner/cmake-build-debug/CMakeFiles/CMakeTmp'
Building C object CMakeFiles/cmTC_58077.dir/CheckFunctionExists.c.o
/usr/bin/cc   -DCHECK_FUNCTION_EXISTS=pthread_create   -o CMakeFiles/cmTC_58077.dir/CheckFunctionExists.c.o   -c /usr/local/clion/bin/cmake/share/cmake-3.8/Modules/CheckFunctionExists.c
Linking C executable cmTC_58077
/usr/local/clion/bin/cmake/bin/cmake -E cmake_link_script CMakeFiles/cmTC_58077.dir/link.txt --verbose=1
/usr/bin/cc  -DCHECK_FUNCTION_EXISTS=pthread_create    -rdynamic CMakeFiles/cmTC_58077.dir/CheckFunctionExists.c.o  -o cmTC_58077 -lpthreads 
/usr/bin/ld: cannot find -lpthreads
collect2: error: ld returned 1 exit status
CMakeFiles/cmTC_58077.dir/build.make:97: recipe for target 'cmTC_58077' failed
make[1]: *** [cmTC_58077] Error 1
make[1]: Leaving directory '/home/yt/ros_ws/catkin_ws_debug/src/path_planner/cmake-build-debug/CMakeFiles/CMakeTmp'
Makefile:126: recipe for target 'cmTC_58077/fast' failed
make: *** [cmTC_58077/fast] Error 2


